FocusFlip/app/build/intermediates/manifest_merge_blame_file/debug/manifest-merger-blame-debug-report.txt
1<?xml version="1.0" encoding="utf-8"?>
2<manifest xmlns:android="http://schemas.android.com/apk/res/android"
3    package="com.focusflip.app"
4    android:versionCode="1"
5    android:versionName="1.0" >
6
7    <uses-sdk
8        android:minSdkVersion="26"
9        android:targetSdkVersion="34" />
10
11    <!-- Permissions -->
12    <uses-permission android:name="android.permission.FOREGROUND_SERVICE" />
12-->src\main\AndroidManifest.xml:7:5-77
12-->src\main\AndroidManifest.xml:7:22-74
13    <uses-permission android:name="android.permission.FOREGROUND_SERVICE_SPECIAL_USE" />
13-->src\main\AndroidManifest.xml:8:5-89
13-->src\main\AndroidManifest.xml:8:22-86
14    <uses-permission android:name="android.permission.POST_NOTIFICATIONS" />
14-->src\main\AndroidManifest.xml:9:5-77
14-->src\main\AndroidManifest.xml:9:22-74
15    <uses-permission android:name="android.permission.ACCESS_NOTIFICATION_POLICY" />
15-->src\main\AndroidManifest.xml:10:5-85
15-->src\main\AndroidManifest.xml:10:22-82
16    <uses-permission android:name="android.permission.RECEIVE_BOOT_COMPLETED" />
16-->src\main\AndroidManifest.xml:11:5-81
16-->src\main\AndroidManifest.xml:11:22-78
17    <uses-permission android:name="android.permission.SCHEDULE_EXACT_ALARM" />
17-->src\main\AndroidManifest.xml:12:5-79
17-->src\main\AndroidManifest.xml:12:22-76
18    <uses-permission android:name="android.permission.USE_EXACT_ALARM" />
18-->src\main\AndroidManifest.xml:13:5-74
18-->src\main\AndroidManifest.xml:13:22-71
19    <uses-permission android:name="android.permission.VIBRATE" />
19-->src\main\AndroidManifest.xml:14:5-66
19-->src\main\AndroidManifest.xml:14:22-63
20    <uses-permission android:name="android.permission.WAKE_LOCK" />
20-->src\main\AndroidManifest.xml:15:5-68
20-->src\main\AndroidManifest.xml:15:22-65
21
22    <!-- Sensor feature -->
23    <uses-feature
23-->src\main\AndroidManifest.xml:18:5-20:35
24        android:name="android.hardware.sensor.accelerometer"
24-->src\main\AndroidManifest.xml:19:9-61
25        android:required="true" />
25-->src\main\AndroidManifest.xml:20:9-32
26
27    <permission
27-->[androidx.core:core:1.12.0] AndroidManifest.xml:22:5-24:47
28        android:name="com.focusflip.app.DYNAMIC_RECEIVER_NOT_EXPORTED_PERMISSION"
28-->[androidx.core:core:1.12.0] AndroidManifest.xml:23:9-81
29        android:protectionLevel="signature" />
29-->[androidx.core:core:1.12.0] AndroidManifest.xml:24:9-44
30
31    <uses-permission android:name="com.focusflip.app.DYNAMIC_RECEIVER_NOT_EXPORTED_PERMISSION" />
31-->[androidx.core:core:1.12.0] AndroidManifest.xml:26:5-97
31-->[androidx.core:core:1.12.0] AndroidManifest.xml:26:22-94
32
33    <application
33-->src\main\AndroidManifest.xml:22:5-112:19
34        android:allowBackup="true"
34-->src\main\AndroidManifest.xml:23:9-35
35        android:appComponentFactory="androidx.core.app.CoreComponentFactory"
35-->[androidx.core:core:1.12.0] AndroidManifest.xml:28:18-86
36        android:debuggable="true"
37        android:extractNativeLibs="false"
38        android:icon="@android:drawable/sym_def_app_icon"
38-->src\main\AndroidManifest.xml:24:9-58
39        android:label="@string/app_name"
39-->src\main\AndroidManifest.xml:25:9-41
40        android:roundIcon="@android:drawable/sym_def_app_icon"
40-->src\main\AndroidManifest.xml:26:9-63
41        android:supportsRtl="true"
41-->src\main\AndroidManifest.xml:27:9-35
42        android:testOnly="true"
43        android:theme="@style/Theme.FocusFlip" >
43-->src\main\AndroidManifest.xml:28:9-47
44
45        <!-- Splash Activity -->
46        <activity
46-->src\main\AndroidManifest.xml:32:9-40:20
47            android:name="com.focusflip.app.activities.SplashActivity"
47-->src\main\AndroidManifest.xml:33:13-54
48            android:exported="true"
48-->src\main\AndroidManifest.xml:34:13-36
49            android:theme="@style/Theme.FocusFlip.Splash" >
49-->src\main\AndroidManifest.xml:35:13-58
50            <intent-filter>
50-->src\main\AndroidManifest.xml:36:13-39:29
51                <action android:name="android.intent.action.MAIN" />
51-->src\main\AndroidManifest.xml:37:17-69
51-->src\main\AndroidManifest.xml:37:25-66
52
53                <category android:name="android.intent.category.LAUNCHER" />
53-->src\main\AndroidManifest.xml:38:17-77
53-->src\main\AndroidManifest.xml:38:27-74
54            </intent-filter>
55        </activity>
56
57        <!-- Main Activity -->
58        <activity
58-->src\main\AndroidManifest.xml:43:9-46:46
59            android:name="com.focusflip.app.activities.MainActivity"
59-->src\main\AndroidManifest.xml:44:13-52
60            android:exported="false"
60-->src\main\AndroidManifest.xml:45:13-37
61            android:launchMode="singleTop" />
61-->src\main\AndroidManifest.xml:46:13-43
62
63        <!-- Settings Activity -->
64        <activity
64-->src\main\AndroidManifest.xml:49:9-52:69
65            android:name="com.focusflip.app.activities.SettingsActivity"
65-->src\main\AndroidManifest.xml:50:13-56
66            android:exported="false"
66-->src\main\AndroidManifest.xml:51:13-37
67            android:parentActivityName="com.focusflip.app.activities.MainActivity" />
67-->src\main\AndroidManifest.xml:52:13-66
68
69        <!-- Statistics Activity -->
70        <activity
70-->src\main\AndroidManifest.xml:55:9-58:69
71            android:name="com.focusflip.app.activities.StatisticsActivity"
71-->src\main\AndroidManifest.xml:56:13-58
72            android:exported="false"
72-->src\main\AndroidManifest.xml:57:13-37
73            android:parentActivityName="com.focusflip.app.activities.MainActivity" />
73-->src\main\AndroidManifest.xml:58:13-66
74
75        <!-- Focus Foreground Service -->
76        <service
76-->src\main\AndroidManifest.xml:61:9-69:19
77            android:name="com.focusflip.app.services.FocusService"
77-->src\main\AndroidManifest.xml:62:13-50
78            android:enabled="true"
78-->src\main\AndroidManifest.xml:63:13-35
79            android:exported="false"
79-->src\main\AndroidManifest.xml:64:13-37
80            android:foregroundServiceType="specialUse" >
80-->src\main\AndroidManifest.xml:65:13-55
81            <property
81-->src\main\AndroidManifest.xml:66:13-68:50
82                android:name="android.app.PROPERTY_SPECIAL_USE_FGS_SUBTYPE"
82-->src\main\AndroidManifest.xml:67:17-76
83                android:value="focus_tracking" />
83-->src\main\AndroidManifest.xml:68:17-47
84        </service>
85
86        <!-- Notification Listener Service -->
87        <service
87-->src\main\AndroidManifest.xml:72:9-79:19
88            android:name="com.focusflip.app.services.NotificationMonitorService"
88-->src\main\AndroidManifest.xml:73:13-64
89            android:exported="true"
89-->src\main\AndroidManifest.xml:74:13-36
90            android:permission="android.permission.BIND_NOTIFICATION_LISTENER_SERVICE" >
90-->src\main\AndroidManifest.xml:75:13-87
91            <intent-filter>
91-->src\main\AndroidManifest.xml:76:13-78:29
92                <action android:name="android.service.notification.NotificationListenerService" />
92-->src\main\AndroidManifest.xml:77:17-99
92-->src\main\AndroidManifest.xml:77:25-96
93            </intent-filter>
94        </service>
95
96        <!-- Screen State Receiver -->
97        <receiver
97-->src\main\AndroidManifest.xml:82:9-90:20
98            android:name="com.focusflip.app.receivers.ScreenStateReceiver"
98-->src\main\AndroidManifest.xml:83:13-58
99            android:enabled="true"
99-->src\main\AndroidManifest.xml:84:13-35
100            android:exported="false" >
100-->src\main\AndroidManifest.xml:85:13-37
101            <intent-filter>
101-->src\main\AndroidManifest.xml:86:13-89:29
102                <action android:name="android.intent.action.SCREEN_ON" />
102-->src\main\AndroidManifest.xml:87:17-74
102-->src\main\AndroidManifest.xml:87:25-71
103                <action android:name="android.intent.action.SCREEN_OFF" />
103-->src\main\AndroidManifest.xml:88:17-75
103-->src\main\AndroidManifest.xml:88:25-72
104            </intent-filter>
105        </receiver>
106
107        <!-- Goal Check Alarm Receiver -->
108        <receiver
108-->src\main\AndroidManifest.xml:93:9-100:20
109            android:name="com.focusflip.app.receivers.GoalCheckReceiver"
109-->src\main\AndroidManifest.xml:94:13-56
110            android:enabled="true"
110-->src\main\AndroidManifest.xml:95:13-35
111            android:exported="false" >
111-->src\main\AndroidManifest.xml:96:13-37
112            <intent-filter>
112-->src\main\AndroidManifest.xml:97:13-99:29
113                <action android:name="com.focusflip.ACTION_CHECK_GOAL" />
113-->src\main\AndroidManifest.xml:98:17-74
113-->src\main\AndroidManifest.xml:98:25-71
114            </intent-filter>
115        </receiver>
116
117        <!-- Boot Receiver -->
118        <receiver
118-->src\main\AndroidManifest.xml:103:9-110:20
119            android:name="com.focusflip.app.receivers.BootReceiver"
119-->src\main\AndroidManifest.xml:104:13-51
120            android:enabled="true"
120-->src\main\AndroidManifest.xml:105:13-35
121            android:exported="false" >
121-->src\main\AndroidManifest.xml:106:13-37
122            <intent-filter>
122-->src\main\AndroidManifest.xml:107:13-109:29
123                <action android:name="android.intent.action.BOOT_COMPLETED" />
123-->src\main\AndroidManifest.xml:108:17-79
123-->src\main\AndroidManifest.xml:108:25-76
124            </intent-filter>
125        </receiver>
126
127        <provider
127-->[androidx.emoji2:emoji2:1.2.0] AndroidManifest.xml:24:9-32:20
128            android:name="androidx.startup.InitializationProvider"
128-->[androidx.emoji2:emoji2:1.2.0] AndroidManifest.xml:25:13-67
129            android:authorities="com.focusflip.app.androidx-startup"
129-->[androidx.emoji2:emoji2:1.2.0] AndroidManifest.xml:26:13-68
130            android:exported="false" >
130-->[androidx.emoji2:emoji2:1.2.0] AndroidManifest.xml:27:13-37
131            <meta-data
131-->[androidx.emoji2:emoji2:1.2.0] AndroidManifest.xml:29:13-31:52
132                android:name="androidx.emoji2.text.EmojiCompatInitializer"
132-->[androidx.emoji2:emoji2:1.2.0] AndroidManifest.xml:30:17-75
133                android:value="androidx.startup" />
133-->[androidx.emoji2:emoji2:1.2.0] AndroidManifest.xml:31:17-49
134            <meta-data
134-->[androidx.lifecycle:lifecycle-process:2.6.1] AndroidManifest.xml:29:13-31:52
135                android:name="androidx.lifecycle.ProcessLifecycleInitializer"
135-->[androidx.lifecycle:lifecycle-process:2.6.1] AndroidManifest.xml:30:17-78
136                android:value="androidx.startup" />
136-->[androidx.lifecycle:lifecycle-process:2.6.1] AndroidManifest.xml:31:17-49
137            <meta-data
137-->[androidx.profileinstaller:profileinstaller:1.3.0] AndroidManifest.xml:29:13-31:52
138                android:name="androidx.profileinstaller.ProfileInstallerInitializer"
138-->[androidx.profileinstaller:profileinstaller:1.3.0] AndroidManifest.xml:30:17-85
139                android:value="androidx.startup" />
139-->[androidx.profileinstaller:profileinstaller:1.3.0] AndroidManifest.xml:31:17-49
140        </provider>
141
142        <receiver
142-->[androidx.profileinstaller:profileinstaller:1.3.0] AndroidManifest.xml:34:9-52:20
143            android:name="androidx.profileinstaller.ProfileInstallReceiver"
143-->[androidx.profileinstaller:profileinstaller:1.3.0] AndroidManifest.xml:35:13-76
144            android:directBootAware="false"
144-->[androidx.profileinstaller:profileinstaller:1.3.0] AndroidManifest.xml:36:13-44
145            android:enabled="true"
145-->[androidx.profileinstaller:profileinstaller:1.3.0] AndroidManifest.xml:37:13-35
146            android:exported="true"
146-->[androidx.profileinstaller:profileinstaller:1.3.0] AndroidManifest.xml:38:13-36
147            android:permission="android.permission.DUMP" >
147-->[androidx.profileinstaller:profileinstaller:1.3.0] AndroidManifest.xml:39:13-57
148            <intent-filter>
148-->[androidx.profileinstaller:profileinstaller:1.3.0] AndroidManifest.xml:40:13-42:29
149                <action android:name="androidx.profileinstaller.action.INSTALL_PROFILE" />
149-->[androidx.profileinstaller:profileinstaller:1.3.0] AndroidManifest.xml:41:17-91
149-->[androidx.profileinstaller:profileinstaller:1.3.0] AndroidManifest.xml:41:25-88
150            </intent-filter>
151            <intent-filter>
151-->[androidx.profileinstaller:profileinstaller:1.3.0] AndroidManifest.xml:43:13-45:29
152                <action android:name="androidx.profileinstaller.action.SKIP_FILE" />
152-->[androidx.profileinstaller:profileinstaller:1.3.0] AndroidManifest.xml:44:17-85
152-->[androidx.profileinstaller:profileinstaller:1.3.0] AndroidManifest.xml:44:25-82
153            </intent-filter>
154            <intent-filter>
154-->[androidx.profileinstaller:profileinstaller:1.3.0] AndroidManifest.xml:46:13-48:29
155                <action android:name="androidx.profileinstaller.action.SAVE_PROFILE" />
155-->[androidx.profileinstaller:profileinstaller:1.3.0] AndroidManifest.xml:47:17-88
155-->[androidx.profileinstaller:profileinstaller:1.3.0] AndroidManifest.xml:47:25-85
156            </intent-filter>
157            <intent-filter>
157-->[androidx.profileinstaller:profileinstaller:1.3.0] AndroidManifest.xml:49:13-51:29
158                <action android:name="androidx.profileinstaller.action.BENCHMARK_OPERATION" />
158-->[androidx.profileinstaller:profileinstaller:1.3.0] AndroidManifest.xml:50:17-95
158-->[androidx.profileinstaller:profileinstaller:1.3.0] AndroidManifest.xml:50:25-92
159            </intent-filter>
160        </receiver>
161    </application>
162
163</manifest>